<?xml version="1.0" encoding="UTF-8"?>
<testng-results ignored="0" total="1" passed="1" failed="0" skipped="0">
  <reporter-output>
  </reporter-output>
  <suite started-at="2024-01-17T14:50:09 IST" name="Default suite" finished-at="2024-01-17T14:50:10 IST" duration-ms="504">
    <groups>
    </groups>
    <test started-at="2024-01-17T14:50:09 IST" name="Default test" finished-at="2024-01-17T14:50:10 IST" duration-ms="504">
      <class name="com.test.Scanning_Report.Dataset">
        <test-method signature="testDB()[pri:0, instance:com.test.Scanning_Report.Dataset@69997e9d]" started-at="2024-01-17T14:50:09 IST" name="testDB" finished-at="2024-01-17T14:50:10 IST" duration-ms="478" status="PASS">
          <reporter-output>
          </reporter-output>
        </test-method> <!-- testDB -->
      </class> <!-- com.test.Scanning_Report.Dataset -->
    </test> <!-- Default test -->
  </suite> <!-- Default suite -->
</testng-results>
